<?xml version="1.0" encoding="UTF-8"?>
<!-- Generated by org.testng.reporters.JUnitReportReporter -->
<testsuite skipped="0" hostname="ATMECSINLT-085" name="org.atmecs.website.testscripts.Insights" tests="1" failures="0" timestamp="27 Sep 2019 12:10:34 GMT" time="32.230" errors="0">
  <testcase name="validateBlogs" time="32.230" classname="org.atmecs.website.testscripts.Insights"/>
</testsuite> <!-- org.atmecs.website.testscripts.Insights -->
