<?xml version="1.0" encoding="UTF-8"?>
<!-- Generated by org.testng.reporters.JUnitReportReporter -->
<testsuite skipped="0" hostname="ATMECSINLT-085" name="org.atmecs.website.testscripts.Services" tests="1" failures="0" timestamp="27 Sep 2019 13:28:27 GMT" time="13.795" errors="0">
  <testcase name="servicesOptionCheck" time="13.795" classname="org.atmecs.website.testscripts.Services"/>
</testsuite> <!-- org.atmecs.website.testscripts.Services -->
